<?xml version="1.0" encoding="UTF-8"?>
<testsuite name="HexagonTest" tests="1" skipped="0" failures="0" errors="0" timestamp="2021-01-13T10:32:45" hostname="USER-735F35KOPJ" time="0.005">
  <properties/>
  <testcase name="testSquare" classname="HexagonTest" time="0.005"/>
  <system-out><![CDATA[]]></system-out>
  <system-err><![CDATA[]]></system-err>
</testsuite>
