<?xml version="1.0" encoding="UTF-8"?>
<testsuite name="ru.stqa.pft.addressbook.test.TestModifyGroup" tests="1" skipped="1" failures="0" errors="0" timestamp="2021-02-08T10:09:11" hostname="USER-735F35KOPJ" time="0.0">
  <properties/>
  <testcase name="testModifyGroupMethod" classname="ru.stqa.pft.addressbook.test.TestModifyGroup" time="0.0">
    <skipped/>
  </testcase>
  <system-out><![CDATA[16:09:11.879 [Test worker] INFO  r.stqa.pft.addressbook.test.TestBase - Stop testtestModifyGroupMethod
]]></system-out>
  <system-err><![CDATA[]]></system-err>
</testsuite>
