<?xml version="1.0" encoding="UTF-8"?>
<testsuite name="ru.stqa.pft.addressbook.test.TestCreateGroup" tests="3" skipped="0" failures="0" errors="0" timestamp="2021-02-06T12:26:39" hostname="USER-735F35KOPJ" time="12.253">
  <properties/>
  <testcase name="testCreateGroupMethod[0](GroupData{id=2147483647, name='test 0'})" classname="ru.stqa.pft.addressbook.test.TestCreateGroup" time="5.739"/>
  <testcase name="testCreateGroupMethod[1](GroupData{id=2147483647, name='test 1'})" classname="ru.stqa.pft.addressbook.test.TestCreateGroup" time="2.478"/>
  <testcase name="testCreateGroupMethod[2](GroupData{id=2147483647, name='test 2'})" classname="ru.stqa.pft.addressbook.test.TestCreateGroup" time="4.036"/>
  <system-out><![CDATA[18:26:39.101 [Test worker] INFO  r.stqa.pft.addressbook.test.TestBase - Start testtestCreateGroupMethodwith parameters[GroupData{id=2147483647, name='test 0'}]
18:26:44.840 [Test worker] INFO  r.stqa.pft.addressbook.test.TestBase - Stop testtestCreateGroupMethod
18:26:44.840 [Test worker] INFO  r.stqa.pft.addressbook.test.TestBase - Start testtestCreateGroupMethodwith parameters[GroupData{id=2147483647, name='test 1'}]
18:26:47.318 [Test worker] INFO  r.stqa.pft.addressbook.test.TestBase - Stop testtestCreateGroupMethod
18:26:47.318 [Test worker] INFO  r.stqa.pft.addressbook.test.TestBase - Start testtestCreateGroupMethodwith parameters[GroupData{id=2147483647, name='test 2'}]
18:26:51.354 [Test worker] INFO  r.stqa.pft.addressbook.test.TestBase - Stop testtestCreateGroupMethod
]]></system-out>
  <system-err><![CDATA[]]></system-err>
</testsuite>
