<?xml version="1.0" encoding="UTF-8"?>
<testsuite name="ru.stqa.pft.addressbook.test.TestCreateGroup" tests="2" skipped="0" failures="0" errors="0" timestamp="2021-02-02T03:22:15" hostname="USER-735F35KOPJ" time="5.231">
  <properties/>
  <testcase name="testBadCreateGroupMethod" classname="ru.stqa.pft.addressbook.test.TestCreateGroup" time="1.303"/>
  <testcase name="testCreateGroupMethod" classname="ru.stqa.pft.addressbook.test.TestCreateGroup" time="3.925"/>
  <system-out><![CDATA[]]></system-out>
  <system-err><![CDATA[]]></system-err>
</testsuite>
