<?xml version="1.0" encoding="UTF-8"?>
<testsuite name="ru.stqa.pft.addressbook.test.TestModifyGroup" tests="1" skipped="0" failures="0" errors="0" timestamp="2021-01-15T05:10:39" hostname="USER-735F35KOPJ" time="0.744">
  <properties/>
  <testcase name="testModifyGroupMethod" classname="ru.stqa.pft.addressbook.test.TestModifyGroup" time="0.744"/>
  <system-out><![CDATA[]]></system-out>
  <system-err><![CDATA[Starting ChromeDriver 87.0.4280.88 (89e2380a3e36c3464b5dd1302349b1382549290d-refs/branch-heads/4280@{#1761}) on port 28280
Only local connections are allowed.
Please see https://chromedriver.chromium.org/security-considerations for suggestions on keeping ChromeDriver safe.
ChromeDriver was started successfully.
янв. 15, 2021 11:10:39 AM org.openqa.selenium.remote.ProtocolHandshake createSession
INFO: Detected dialect: W3C
]]></system-err>
</testsuite>
