<?xml version="1.0" encoding="UTF-8"?>
<testsuite name="ru.stqa.pft.addressbook.test.ContactAddTest" tests="1" skipped="0" failures="0" errors="0" timestamp="2021-02-05T08:38:59" hostname="USER-735F35KOPJ" time="0.744">
  <properties/>
  <testcase name="contactAddTestMethod" classname="ru.stqa.pft.addressbook.test.ContactAddTest" time="0.744"/>
  <system-out><![CDATA[]]></system-out>
  <system-err><![CDATA[]]></system-err>
</testsuite>
