<?xml version="1.0" encoding="UTF-8"?>
<testsuite name="ru.stqa.pft.addressbook.test.TestModifyGroup" tests="1" skipped="0" failures="0" errors="0" timestamp="2021-01-17T16:14:31" hostname="USER-735F35KOPJ" time="1.182">
  <properties/>
  <testcase name="testModifyGroupMethod" classname="ru.stqa.pft.addressbook.test.TestModifyGroup" time="1.182"/>
  <system-out><![CDATA[]]></system-out>
  <system-err><![CDATA[Starting ChromeDriver 87.0.4280.88 (89e2380a3e36c3464b5dd1302349b1382549290d-refs/branch-heads/4280@{#1761}) on port 28105
Only local connections are allowed.
Please see https://chromedriver.chromium.org/security-considerations for suggestions on keeping ChromeDriver safe.
ChromeDriver was started successfully.
янв. 17, 2021 10:14:30 PM org.openqa.selenium.remote.ProtocolHandshake createSession
INFO: Detected dialect: W3C
]]></system-err>
</testsuite>
